<?xml version="1.0" encoding="UTF-8"?>
<!-- Generated by org.testng.reporters.JUnitReportReporter -->
<testsuite skipped="0" hostname="LAPTOP-EKVG9KFQ" name="prjone.prjone.FNPTEST" tests="2" failures="0" timestamp="17 Nov 2018 07:26:53 GMT" time="33.532" errors="0">
  <testcase name="FNPcake" time="13.966" classname="prjone.prjone.FNPTEST"/>
  <testcase name="FNPPAGE" time="19.566" classname="prjone.prjone.FNPTEST"/>
</testsuite> <!-- prjone.prjone.FNPTEST -->
