<?xml version="1.0" encoding="UTF-8"?>
<!-- Generated by org.testng.reporters.JUnitReportReporter -->
<testsuite skipped="0" hostname="LAPTOP-EKVG9KFQ" name="prjone.prjone.TESTFNP" tests="1" failures="0" timestamp="28 Oct 2018 14:04:04 GMT" time="37.320" errors="0">
  <testcase name="fnppage" time="37.320" classname="prjone.prjone.TESTFNP"/>
</testsuite> <!-- prjone.prjone.TESTFNP -->
