<?xml version="1.0" encoding="UTF-8"?>
<!-- Generated by org.testng.reporters.JUnitReportReporter -->
<testsuite skipped="0" hostname="LAPTOP-EKVG9KFQ" name="prjone.prjone.MonsterReg" tests="1" failures="0" timestamp="04 Nov 2018 07:32:28 GMT" time="42.194" errors="0">
  <testcase name="registration" time="42.194" classname="prjone.prjone.MonsterReg"/>
</testsuite> <!-- prjone.prjone.MonsterReg -->
